<?xml version="1.0" encoding="UTF-8"?>
<testsuite xmlns:xsi="http://www.w3.org/2001/XMLSchema-instance" xsi:noNamespaceSchemaLocation="https://maven.apache.org/surefire/maven-surefire-plugin/xsd/surefire-test-report-3.0.xsd" version="3.0" name="com.examly.springapp.SpringappApplicationTests" time="5.026" tests="19" errors="0" skipped="0" failures="0">
  <properties>
    <property name="java.specification.version" value="17"/>
    <property name="sun.jnu.encoding" value="UTF-8"/>
    <property name="java.class.path" value="/home/coder/project/workspace/springapp/target/test-classes:/home/coder/project/workspace/springapp/target/classes:/home/coder/.m2/repository/org/springframework/boot/spring-boot-starter-data-jpa/3.0.1/spring-boot-starter-data-jpa-3.0.1.jar:/home/coder/.m2/repository/org/springframework/boot/spring-boot-starter-aop/3.0.1/spring-boot-starter-aop-3.0.1.jar:/home/coder/.m2/repository/org/aspectj/aspectjweaver/1.9.19/aspectjweaver-1.9.19.jar:/home/coder/.m2/repository/org/springframework/boot/spring-boot-starter-jdbc/3.0.1/spring-boot-starter-jdbc-3.0.1.jar:/home/coder/.m2/repository/com/zaxxer/HikariCP/5.0.1/HikariCP-5.0.1.jar:/home/coder/.m2/repository/org/springframework/spring-jdbc/6.0.3/spring-jdbc-6.0.3.jar:/home/coder/.m2/repository/org/hibernate/orm/hibernate-core/6.1.6.Final/hibernate-core-6.1.6.Final.jar:/home/coder/.m2/repository/jakarta/persistence/jakarta.persistence-api/3.1.0/jakarta.persistence-api-3.1.0.jar:/home/coder/.m2/repository/jakarta/transaction/jakarta.transaction-api/2.0.1/jakarta.transaction-api-2.0.1.jar:/home/coder/.m2/repository/org/jboss/logging/jboss-logging/3.5.0.Final/jboss-logging-3.5.0.Final.jar:/home/coder/.m2/repository/org/hibernate/common/hibernate-commons-annotations/6.0.2.Final/hibernate-commons-annotations-6.0.2.Final.jar:/home/coder/.m2/repository/org/jboss/jandex/2.4.2.Final/jandex-2.4.2.Final.jar:/home/coder/.m2/repository/com/fasterxml/classmate/1.5.1/classmate-1.5.1.jar:/home/coder/.m2/repository/net/bytebuddy/byte-buddy/1.12.20/byte-buddy-1.12.20.jar:/home/coder/.m2/repository/org/glassfish/jaxb/jaxb-runtime/4.0.1/jaxb-runtime-4.0.1.jar:/home/coder/.m2/repository/org/glassfish/jaxb/jaxb-core/4.0.1/jaxb-core-4.0.1.jar:/home/coder/.m2/repository/org/glassfish/jaxb/txw2/4.0.1/txw2-4.0.1.jar:/home/coder/.m2/repository/com/sun/istack/istack-commons-runtime/4.1.1/istack-commons-runtime-4.1.1.jar:/home/coder/.m2/repository/jakarta/inject/jakarta.inject-api/2.0.0/jakarta.inject-api-2.0.0.jar:/home/coder/.m2/repository/org/antlr/antlr4-runtime/4.10.1/antlr4-runtime-4.10.1.jar:/home/coder/.m2/repository/org/springframework/data/spring-data-jpa/3.0.0/spring-data-jpa-3.0.0.jar:/home/coder/.m2/repository/org/springframework/data/spring-data-commons/3.0.0/spring-data-commons-3.0.0.jar:/home/coder/.m2/repository/org/springframework/spring-orm/6.0.3/spring-orm-6.0.3.jar:/home/coder/.m2/repository/org/springframework/spring-context/6.0.3/spring-context-6.0.3.jar:/home/coder/.m2/repository/org/springframework/spring-tx/6.0.3/spring-tx-6.0.3.jar:/home/coder/.m2/repository/org/springframework/spring-beans/6.0.3/spring-beans-6.0.3.jar:/home/coder/.m2/repository/jakarta/annotation/jakarta.annotation-api/2.1.1/jakarta.annotation-api-2.1.1.jar:/home/coder/.m2/repository/org/slf4j/slf4j-api/2.0.6/slf4j-api-2.0.6.jar:/home/coder/.m2/repository/org/springframework/spring-aspects/6.0.3/spring-aspects-6.0.3.jar:/home/coder/.m2/repository/org/springframework/boot/spring-boot-starter-security/3.0.1/spring-boot-starter-security-3.0.1.jar:/home/coder/.m2/repository/org/springframework/boot/spring-boot-starter/3.0.1/spring-boot-starter-3.0.1.jar:/home/coder/.m2/repository/org/springframework/boot/spring-boot-starter-logging/3.0.1/spring-boot-starter-logging-3.0.1.jar:/home/coder/.m2/repository/ch/qos/logback/logback-classic/1.4.5/logback-classic-1.4.5.jar:/home/coder/.m2/repository/ch/qos/logback/logback-core/1.4.5/logback-core-1.4.5.jar:/home/coder/.m2/repository/org/apache/logging/log4j/log4j-to-slf4j/2.19.0/log4j-to-slf4j-2.19.0.jar:/home/coder/.m2/repository/org/apache/logging/log4j/log4j-api/2.19.0/log4j-api-2.19.0.jar:/home/coder/.m2/repository/org/slf4j/jul-to-slf4j/2.0.6/jul-to-slf4j-2.0.6.jar:/home/coder/.m2/repository/org/yaml/snakeyaml/1.33/snakeyaml-1.33.jar:/home/coder/.m2/repository/org/springframework/spring-aop/6.0.3/spring-aop-6.0.3.jar:/home/coder/.m2/repository/org/springframework/security/spring-security-config/6.0.1/spring-security-config-6.0.1.jar:/home/coder/.m2/repository/org/springframework/security/spring-security-core/6.0.1/spring-security-core-6.0.1.jar:/home/coder/.m2/repository/org/springframework/security/spring-security-crypto/6.0.1/spring-security-crypto-6.0.1.jar:/home/coder/.m2/repository/org/springframework/security/spring-security-web/6.0.1/spring-security-web-6.0.1.jar:/home/coder/.m2/repository/org/springframework/spring-expression/6.0.3/spring-expression-6.0.3.jar:/home/coder/.m2/repository/org/springframework/boot/spring-boot-starter-web/3.0.1/spring-boot-starter-web-3.0.1.jar:/home/coder/.m2/repository/org/springframework/boot/spring-boot-starter-json/3.0.1/spring-boot-starter-json-3.0.1.jar:/home/coder/.m2/repository/com/fasterxml/jackson/datatype/jackson-datatype-jdk8/2.14.1/jackson-datatype-jdk8-2.14.1.jar:/home/coder/.m2/repository/com/fasterxml/jackson/datatype/jackson-datatype-jsr310/2.14.1/jackson-datatype-jsr310-2.14.1.jar:/home/coder/.m2/repository/com/fasterxml/jackson/module/jackson-module-parameter-names/2.14.1/jackson-module-parameter-names-2.14.1.jar:/home/coder/.m2/repository/org/springframework/boot/spring-boot-starter-tomcat/3.0.1/spring-boot-starter-tomcat-3.0.1.jar:/home/coder/.m2/repository/org/apache/tomcat/embed/tomcat-embed-core/10.1.4/tomcat-embed-core-10.1.4.jar:/home/coder/.m2/repository/org/apache/tomcat/embed/tomcat-embed-el/10.1.4/tomcat-embed-el-10.1.4.jar:/home/coder/.m2/repository/org/apache/tomcat/embed/tomcat-embed-websocket/10.1.4/tomcat-embed-websocket-10.1.4.jar:/home/coder/.m2/repository/org/springframework/spring-web/6.0.3/spring-web-6.0.3.jar:/home/coder/.m2/repository/io/micrometer/micrometer-observation/1.10.2/micrometer-observation-1.10.2.jar:/home/coder/.m2/repository/io/micrometer/micrometer-commons/1.10.2/micrometer-commons-1.10.2.jar:/home/coder/.m2/repository/org/springframework/spring-webmvc/6.0.3/spring-webmvc-6.0.3.jar:/home/coder/.m2/repository/org/springframework/boot/spring-boot-starter-web-services/3.0.1/spring-boot-starter-web-services-3.0.1.jar:/home/coder/.m2/repository/com/sun/xml/messaging/saaj/saaj-impl/3.0.0/saaj-impl-3.0.0.jar:/home/coder/.m2/repository/jakarta/xml/soap/jakarta.xml.soap-api/3.0.0/jakarta.xml.soap-api-3.0.0.jar:/home/coder/.m2/repository/org/jvnet/staxex/stax-ex/2.1.0/stax-ex-2.1.0.jar:/home/coder/.m2/repository/jakarta/activation/jakarta.activation-api/2.1.0/jakarta.activation-api-2.1.0.jar:/home/coder/.m2/repository/org/eclipse/angus/angus-activation/1.0.0/angus-activation-1.0.0.jar:/home/coder/.m2/repository/jakarta/xml/ws/jakarta.xml.ws-api/4.0.0/jakarta.xml.ws-api-4.0.0.jar:/home/coder/.m2/repository/org/springframework/spring-oxm/6.0.3/spring-oxm-6.0.3.jar:/home/coder/.m2/repository/org/springframework/ws/spring-ws-core/4.0.0/spring-ws-core-4.0.0.jar:/home/coder/.m2/repository/org/springframework/ws/spring-xml/4.0.0/spring-xml-4.0.0.jar:/home/coder/.m2/repository/com/sun/xml/bind/jaxb-impl/4.0.1/jaxb-impl-4.0.1.jar:/home/coder/.m2/repository/com/sun/xml/bind/jaxb-core/4.0.1/jaxb-core-4.0.1.jar:/home/coder/.m2/repository/org/springframework/boot/spring-boot-devtools/3.0.1/spring-boot-devtools-3.0.1.jar:/home/coder/.m2/repository/org/springframework/boot/spring-boot/3.0.1/spring-boot-3.0.1.jar:/home/coder/.m2/repository/org/springframework/boot/spring-boot-autoconfigure/3.0.1/spring-boot-autoconfigure-3.0.1.jar:/home/coder/.m2/repository/com/mysql/mysql-connector-j/8.0.31/mysql-connector-j-8.0.31.jar:/home/coder/.m2/repository/org/springframework/boot/spring-boot-starter-test/3.0.1/spring-boot-starter-test-3.0.1.jar:/home/coder/.m2/repository/org/springframework/boot/spring-boot-test/3.0.1/spring-boot-test-3.0.1.jar:/home/coder/.m2/repository/org/springframework/boot/spring-boot-test-autoconfigure/3.0.1/spring-boot-test-autoconfigure-3.0.1.jar:/home/coder/.m2/repository/com/jayway/jsonpath/json-path/2.7.0/json-path-2.7.0.jar:/home/coder/.m2/repository/net/minidev/json-smart/2.4.8/json-smart-2.4.8.jar:/home/coder/.m2/repository/net/minidev/accessors-smart/2.4.8/accessors-smart-2.4.8.jar:/home/coder/.m2/repository/org/ow2/asm/asm/9.1/asm-9.1.jar:/home/coder/.m2/repository/jakarta/xml/bind/jakarta.xml.bind-api/4.0.0/jakarta.xml.bind-api-4.0.0.jar:/home/coder/.m2/repository/org/assertj/assertj-core/3.23.1/assertj-core-3.23.1.jar:/home/coder/.m2/repository/org/hamcrest/hamcrest/2.2/hamcrest-2.2.jar:/home/coder/.m2/repository/org/junit/jupiter/junit-jupiter/5.9.1/junit-jupiter-5.9.1.jar:/home/coder/.m2/repository/org/junit/jupiter/junit-jupiter-api/5.9.1/junit-jupiter-api-5.9.1.jar:/home/coder/.m2/repository/org/opentest4j/opentest4j/1.2.0/opentest4j-1.2.0.jar:/home/coder/.m2/repository/org/junit/platform/junit-platform-commons/1.9.1/junit-platform-commons-1.9.1.jar:/home/coder/.m2/repository/org/apiguardian/apiguardian-api/1.1.2/apiguardian-api-1.1.2.jar:/home/coder/.m2/repository/org/junit/jupiter/junit-jupiter-params/5.9.1/junit-jupiter-params-5.9.1.jar:/home/coder/.m2/repository/org/junit/jupiter/junit-jupiter-engine/5.9.1/junit-jupiter-engine-5.9.1.jar:/home/coder/.m2/repository/org/junit/platform/junit-platform-engine/1.9.1/junit-platform-engine-1.9.1.jar:/home/coder/.m2/repository/org/mockito/mockito-core/4.8.1/mockito-core-4.8.1.jar:/home/coder/.m2/repository/net/bytebuddy/byte-buddy-agent/1.12.20/byte-buddy-agent-1.12.20.jar:/home/coder/.m2/repository/org/objenesis/objenesis/3.2/objenesis-3.2.jar:/home/coder/.m2/repository/org/mockito/mockito-junit-jupiter/4.8.1/mockito-junit-jupiter-4.8.1.jar:/home/coder/.m2/repository/org/skyscreamer/jsonassert/1.5.1/jsonassert-1.5.1.jar:/home/coder/.m2/repository/com/vaadin/external/google/android-json/0.0.20131108.vaadin1/android-json-0.0.20131108.vaadin1.jar:/home/coder/.m2/repository/org/springframework/spring-core/6.0.3/spring-core-6.0.3.jar:/home/coder/.m2/repository/org/springframework/spring-jcl/6.0.3/spring-jcl-6.0.3.jar:/home/coder/.m2/repository/org/springframework/spring-test/6.0.3/spring-test-6.0.3.jar:/home/coder/.m2/repository/org/xmlunit/xmlunit-core/2.9.0/xmlunit-core-2.9.0.jar:/home/coder/.m2/repository/io/jsonwebtoken/jjwt-api/0.10.1/jjwt-api-0.10.1.jar:/home/coder/.m2/repository/io/jsonwebtoken/jjwt-impl/0.10.1/jjwt-impl-0.10.1.jar:/home/coder/.m2/repository/io/jsonwebtoken/jjwt-jackson/0.10.1/jjwt-jackson-0.10.1.jar:/home/coder/.m2/repository/com/fasterxml/jackson/core/jackson-databind/2.14.1/jackson-databind-2.14.1.jar:/home/coder/.m2/repository/com/fasterxml/jackson/core/jackson-annotations/2.14.1/jackson-annotations-2.14.1.jar:/home/coder/.m2/repository/com/fasterxml/jackson/core/jackson-core/2.14.1/jackson-core-2.14.1.jar:"/>
    <property name="java.vm.vendor" value="Debian"/>
    <property name="sun.arch.data.model" value="64"/>
    <property name="java.vendor.url" value="https://tracker.debian.org/openjdk-17"/>
    <property name="user.timezone" value="Etc/UTC"/>
    <property name="org.jboss.logging.provider" value="slf4j"/>
    <property name="os.name" value="Linux"/>
    <property name="java.vm.specification.version" value="17"/>
    <property name="sun.java.launcher" value="SUN_STANDARD"/>
    <property name="user.country" value="US"/>
    <property name="sun.boot.library.path" value="/usr/lib/jvm/java-17-openjdk-amd64/lib"/>
    <property name="sun.java.command" value="/home/coder/project/workspace/springapp/target/surefire/surefirebooter5220936372289389952.jar /home/coder/project/workspace/springapp/target/surefire 2025-07-20T12-53-01_369-jvmRun1 surefire8342046656570640826tmp surefire_09809577624291471505tmp"/>
    <property name="jdk.debug" value="release"/>
    <property name="surefire.test.class.path" value="/home/coder/project/workspace/springapp/target/test-classes:/home/coder/project/workspace/springapp/target/classes:/home/coder/.m2/repository/org/springframework/boot/spring-boot-starter-data-jpa/3.0.1/spring-boot-starter-data-jpa-3.0.1.jar:/home/coder/.m2/repository/org/springframework/boot/spring-boot-starter-aop/3.0.1/spring-boot-starter-aop-3.0.1.jar:/home/coder/.m2/repository/org/aspectj/aspectjweaver/1.9.19/aspectjweaver-1.9.19.jar:/home/coder/.m2/repository/org/springframework/boot/spring-boot-starter-jdbc/3.0.1/spring-boot-starter-jdbc-3.0.1.jar:/home/coder/.m2/repository/com/zaxxer/HikariCP/5.0.1/HikariCP-5.0.1.jar:/home/coder/.m2/repository/org/springframework/spring-jdbc/6.0.3/spring-jdbc-6.0.3.jar:/home/coder/.m2/repository/org/hibernate/orm/hibernate-core/6.1.6.Final/hibernate-core-6.1.6.Final.jar:/home/coder/.m2/repository/jakarta/persistence/jakarta.persistence-api/3.1.0/jakarta.persistence-api-3.1.0.jar:/home/coder/.m2/repository/jakarta/transaction/jakarta.transaction-api/2.0.1/jakarta.transaction-api-2.0.1.jar:/home/coder/.m2/repository/org/jboss/logging/jboss-logging/3.5.0.Final/jboss-logging-3.5.0.Final.jar:/home/coder/.m2/repository/org/hibernate/common/hibernate-commons-annotations/6.0.2.Final/hibernate-commons-annotations-6.0.2.Final.jar:/home/coder/.m2/repository/org/jboss/jandex/2.4.2.Final/jandex-2.4.2.Final.jar:/home/coder/.m2/repository/com/fasterxml/classmate/1.5.1/classmate-1.5.1.jar:/home/coder/.m2/repository/net/bytebuddy/byte-buddy/1.12.20/byte-buddy-1.12.20.jar:/home/coder/.m2/repository/org/glassfish/jaxb/jaxb-runtime/4.0.1/jaxb-runtime-4.0.1.jar:/home/coder/.m2/repository/org/glassfish/jaxb/jaxb-core/4.0.1/jaxb-core-4.0.1.jar:/home/coder/.m2/repository/org/glassfish/jaxb/txw2/4.0.1/txw2-4.0.1.jar:/home/coder/.m2/repository/com/sun/istack/istack-commons-runtime/4.1.1/istack-commons-runtime-4.1.1.jar:/home/coder/.m2/repository/jakarta/inject/jakarta.inject-api/2.0.0/jakarta.inject-api-2.0.0.jar:/home/coder/.m2/repository/org/antlr/antlr4-runtime/4.10.1/antlr4-runtime-4.10.1.jar:/home/coder/.m2/repository/org/springframework/data/spring-data-jpa/3.0.0/spring-data-jpa-3.0.0.jar:/home/coder/.m2/repository/org/springframework/data/spring-data-commons/3.0.0/spring-data-commons-3.0.0.jar:/home/coder/.m2/repository/org/springframework/spring-orm/6.0.3/spring-orm-6.0.3.jar:/home/coder/.m2/repository/org/springframework/spring-context/6.0.3/spring-context-6.0.3.jar:/home/coder/.m2/repository/org/springframework/spring-tx/6.0.3/spring-tx-6.0.3.jar:/home/coder/.m2/repository/org/springframework/spring-beans/6.0.3/spring-beans-6.0.3.jar:/home/coder/.m2/repository/jakarta/annotation/jakarta.annotation-api/2.1.1/jakarta.annotation-api-2.1.1.jar:/home/coder/.m2/repository/org/slf4j/slf4j-api/2.0.6/slf4j-api-2.0.6.jar:/home/coder/.m2/repository/org/springframework/spring-aspects/6.0.3/spring-aspects-6.0.3.jar:/home/coder/.m2/repository/org/springframework/boot/spring-boot-starter-security/3.0.1/spring-boot-starter-security-3.0.1.jar:/home/coder/.m2/repository/org/springframework/boot/spring-boot-starter/3.0.1/spring-boot-starter-3.0.1.jar:/home/coder/.m2/repository/org/springframework/boot/spring-boot-starter-logging/3.0.1/spring-boot-starter-logging-3.0.1.jar:/home/coder/.m2/repository/ch/qos/logback/logback-classic/1.4.5/logback-classic-1.4.5.jar:/home/coder/.m2/repository/ch/qos/logback/logback-core/1.4.5/logback-core-1.4.5.jar:/home/coder/.m2/repository/org/apache/logging/log4j/log4j-to-slf4j/2.19.0/log4j-to-slf4j-2.19.0.jar:/home/coder/.m2/repository/org/apache/logging/log4j/log4j-api/2.19.0/log4j-api-2.19.0.jar:/home/coder/.m2/repository/org/slf4j/jul-to-slf4j/2.0.6/jul-to-slf4j-2.0.6.jar:/home/coder/.m2/repository/org/yaml/snakeyaml/1.33/snakeyaml-1.33.jar:/home/coder/.m2/repository/org/springframework/spring-aop/6.0.3/spring-aop-6.0.3.jar:/home/coder/.m2/repository/org/springframework/security/spring-security-config/6.0.1/spring-security-config-6.0.1.jar:/home/coder/.m2/repository/org/springframework/security/spring-security-core/6.0.1/spring-security-core-6.0.1.jar:/home/coder/.m2/repository/org/springframework/security/spring-security-crypto/6.0.1/spring-security-crypto-6.0.1.jar:/home/coder/.m2/repository/org/springframework/security/spring-security-web/6.0.1/spring-security-web-6.0.1.jar:/home/coder/.m2/repository/org/springframework/spring-expression/6.0.3/spring-expression-6.0.3.jar:/home/coder/.m2/repository/org/springframework/boot/spring-boot-starter-web/3.0.1/spring-boot-starter-web-3.0.1.jar:/home/coder/.m2/repository/org/springframework/boot/spring-boot-starter-json/3.0.1/spring-boot-starter-json-3.0.1.jar:/home/coder/.m2/repository/com/fasterxml/jackson/datatype/jackson-datatype-jdk8/2.14.1/jackson-datatype-jdk8-2.14.1.jar:/home/coder/.m2/repository/com/fasterxml/jackson/datatype/jackson-datatype-jsr310/2.14.1/jackson-datatype-jsr310-2.14.1.jar:/home/coder/.m2/repository/com/fasterxml/jackson/module/jackson-module-parameter-names/2.14.1/jackson-module-parameter-names-2.14.1.jar:/home/coder/.m2/repository/org/springframework/boot/spring-boot-starter-tomcat/3.0.1/spring-boot-starter-tomcat-3.0.1.jar:/home/coder/.m2/repository/org/apache/tomcat/embed/tomcat-embed-core/10.1.4/tomcat-embed-core-10.1.4.jar:/home/coder/.m2/repository/org/apache/tomcat/embed/tomcat-embed-el/10.1.4/tomcat-embed-el-10.1.4.jar:/home/coder/.m2/repository/org/apache/tomcat/embed/tomcat-embed-websocket/10.1.4/tomcat-embed-websocket-10.1.4.jar:/home/coder/.m2/repository/org/springframework/spring-web/6.0.3/spring-web-6.0.3.jar:/home/coder/.m2/repository/io/micrometer/micrometer-observation/1.10.2/micrometer-observation-1.10.2.jar:/home/coder/.m2/repository/io/micrometer/micrometer-commons/1.10.2/micrometer-commons-1.10.2.jar:/home/coder/.m2/repository/org/springframework/spring-webmvc/6.0.3/spring-webmvc-6.0.3.jar:/home/coder/.m2/repository/org/springframework/boot/spring-boot-starter-web-services/3.0.1/spring-boot-starter-web-services-3.0.1.jar:/home/coder/.m2/repository/com/sun/xml/messaging/saaj/saaj-impl/3.0.0/saaj-impl-3.0.0.jar:/home/coder/.m2/repository/jakarta/xml/soap/jakarta.xml.soap-api/3.0.0/jakarta.xml.soap-api-3.0.0.jar:/home/coder/.m2/repository/org/jvnet/staxex/stax-ex/2.1.0/stax-ex-2.1.0.jar:/home/coder/.m2/repository/jakarta/activation/jakarta.activation-api/2.1.0/jakarta.activation-api-2.1.0.jar:/home/coder/.m2/repository/org/eclipse/angus/angus-activation/1.0.0/angus-activation-1.0.0.jar:/home/coder/.m2/repository/jakarta/xml/ws/jakarta.xml.ws-api/4.0.0/jakarta.xml.ws-api-4.0.0.jar:/home/coder/.m2/repository/org/springframework/spring-oxm/6.0.3/spring-oxm-6.0.3.jar:/home/coder/.m2/repository/org/springframework/ws/spring-ws-core/4.0.0/spring-ws-core-4.0.0.jar:/home/coder/.m2/repository/org/springframework/ws/spring-xml/4.0.0/spring-xml-4.0.0.jar:/home/coder/.m2/repository/com/sun/xml/bind/jaxb-impl/4.0.1/jaxb-impl-4.0.1.jar:/home/coder/.m2/repository/com/sun/xml/bind/jaxb-core/4.0.1/jaxb-core-4.0.1.jar:/home/coder/.m2/repository/org/springframework/boot/spring-boot-devtools/3.0.1/spring-boot-devtools-3.0.1.jar:/home/coder/.m2/repository/org/springframework/boot/spring-boot/3.0.1/spring-boot-3.0.1.jar:/home/coder/.m2/repository/org/springframework/boot/spring-boot-autoconfigure/3.0.1/spring-boot-autoconfigure-3.0.1.jar:/home/coder/.m2/repository/com/mysql/mysql-connector-j/8.0.31/mysql-connector-j-8.0.31.jar:/home/coder/.m2/repository/org/springframework/boot/spring-boot-starter-test/3.0.1/spring-boot-starter-test-3.0.1.jar:/home/coder/.m2/repository/org/springframework/boot/spring-boot-test/3.0.1/spring-boot-test-3.0.1.jar:/home/coder/.m2/repository/org/springframework/boot/spring-boot-test-autoconfigure/3.0.1/spring-boot-test-autoconfigure-3.0.1.jar:/home/coder/.m2/repository/com/jayway/jsonpath/json-path/2.7.0/json-path-2.7.0.jar:/home/coder/.m2/repository/net/minidev/json-smart/2.4.8/json-smart-2.4.8.jar:/home/coder/.m2/repository/net/minidev/accessors-smart/2.4.8/accessors-smart-2.4.8.jar:/home/coder/.m2/repository/org/ow2/asm/asm/9.1/asm-9.1.jar:/home/coder/.m2/repository/jakarta/xml/bind/jakarta.xml.bind-api/4.0.0/jakarta.xml.bind-api-4.0.0.jar:/home/coder/.m2/repository/org/assertj/assertj-core/3.23.1/assertj-core-3.23.1.jar:/home/coder/.m2/repository/org/hamcrest/hamcrest/2.2/hamcrest-2.2.jar:/home/coder/.m2/repository/org/junit/jupiter/junit-jupiter/5.9.1/junit-jupiter-5.9.1.jar:/home/coder/.m2/repository/org/junit/jupiter/junit-jupiter-api/5.9.1/junit-jupiter-api-5.9.1.jar:/home/coder/.m2/repository/org/opentest4j/opentest4j/1.2.0/opentest4j-1.2.0.jar:/home/coder/.m2/repository/org/junit/platform/junit-platform-commons/1.9.1/junit-platform-commons-1.9.1.jar:/home/coder/.m2/repository/org/apiguardian/apiguardian-api/1.1.2/apiguardian-api-1.1.2.jar:/home/coder/.m2/repository/org/junit/jupiter/junit-jupiter-params/5.9.1/junit-jupiter-params-5.9.1.jar:/home/coder/.m2/repository/org/junit/jupiter/junit-jupiter-engine/5.9.1/junit-jupiter-engine-5.9.1.jar:/home/coder/.m2/repository/org/junit/platform/junit-platform-engine/1.9.1/junit-platform-engine-1.9.1.jar:/home/coder/.m2/repository/org/mockito/mockito-core/4.8.1/mockito-core-4.8.1.jar:/home/coder/.m2/repository/net/bytebuddy/byte-buddy-agent/1.12.20/byte-buddy-agent-1.12.20.jar:/home/coder/.m2/repository/org/objenesis/objenesis/3.2/objenesis-3.2.jar:/home/coder/.m2/repository/org/mockito/mockito-junit-jupiter/4.8.1/mockito-junit-jupiter-4.8.1.jar:/home/coder/.m2/repository/org/skyscreamer/jsonassert/1.5.1/jsonassert-1.5.1.jar:/home/coder/.m2/repository/com/vaadin/external/google/android-json/0.0.20131108.vaadin1/android-json-0.0.20131108.vaadin1.jar:/home/coder/.m2/repository/org/springframework/spring-core/6.0.3/spring-core-6.0.3.jar:/home/coder/.m2/repository/org/springframework/spring-jcl/6.0.3/spring-jcl-6.0.3.jar:/home/coder/.m2/repository/org/springframework/spring-test/6.0.3/spring-test-6.0.3.jar:/home/coder/.m2/repository/org/xmlunit/xmlunit-core/2.9.0/xmlunit-core-2.9.0.jar:/home/coder/.m2/repository/io/jsonwebtoken/jjwt-api/0.10.1/jjwt-api-0.10.1.jar:/home/coder/.m2/repository/io/jsonwebtoken/jjwt-impl/0.10.1/jjwt-impl-0.10.1.jar:/home/coder/.m2/repository/io/jsonwebtoken/jjwt-jackson/0.10.1/jjwt-jackson-0.10.1.jar:/home/coder/.m2/repository/com/fasterxml/jackson/core/jackson-databind/2.14.1/jackson-databind-2.14.1.jar:/home/coder/.m2/repository/com/fasterxml/jackson/core/jackson-annotations/2.14.1/jackson-annotations-2.14.1.jar:/home/coder/.m2/repository/com/fasterxml/jackson/core/jackson-core/2.14.1/jackson-core-2.14.1.jar:"/>
    <property name="sun.cpu.endian" value="little"/>
    <property name="user.home" value="/home/coder"/>
    <property name="user.language" value="en"/>
    <property name="java.specification.vendor" value="Oracle Corporation"/>
    <property name="java.version.date" value="2025-04-15"/>
    <property name="java.home" value="/usr/lib/jvm/java-17-openjdk-amd64"/>
    <property name="file.separator" value="/"/>
    <property name="basedir" value="/home/coder/project/workspace/springapp"/>
    <property name="java.vm.compressedOopsMode" value="32-bit"/>
    <property name="line.separator" value="&#10;"/>
    <property name="java.specification.name" value="Java Platform API Specification"/>
    <property name="java.vm.specification.vendor" value="Oracle Corporation"/>
    <property name="FILE_LOG_CHARSET" value="UTF-8"/>
    <property name="java.awt.headless" value="true"/>
    <property name="surefire.real.class.path" value="/home/coder/project/workspace/springapp/target/surefire/surefirebooter5220936372289389952.jar"/>
    <property name="sun.management.compiler" value="HotSpot 64-Bit Tiered Compilers"/>
    <property name="java.runtime.version" value="17.0.15+6-Debian-1deb11u1"/>
    <property name="user.name" value="coder"/>
    <property name="path.separator" value=":"/>
    <property name="os.version" value="5.15.0-1091-azure"/>
    <property name="java.runtime.name" value="OpenJDK Runtime Environment"/>
    <property name="file.encoding" value="UTF-8"/>
    <property name="java.vm.name" value="OpenJDK 64-Bit Server VM"/>
    <property name="localRepository" value="/home/coder/.m2/repository"/>
    <property name="java.vendor.url.bug" value="https://bugs.debian.org/openjdk-17"/>
    <property name="java.io.tmpdir" value="/tmp"/>
    <property name="com.zaxxer.hikari.pool_number" value="1"/>
    <property name="java.version" value="17.0.15"/>
    <property name="user.dir" value="/home/coder/project/workspace/springapp"/>
    <property name="os.arch" value="amd64"/>
    <property name="java.vm.specification.name" value="Java Virtual Machine Specification"/>
    <property name="PID" value="6770"/>
    <property name="CONSOLE_LOG_CHARSET" value="UTF-8"/>
    <property name="native.encoding" value="UTF-8"/>
    <property name="java.library.path" value="/usr/java/packages/lib:/usr/lib/x86_64-linux-gnu/jni:/lib/x86_64-linux-gnu:/usr/lib/x86_64-linux-gnu:/usr/lib/jni:/lib:/usr/lib"/>
    <property name="java.vm.info" value="mixed mode, sharing"/>
    <property name="java.vendor" value="Debian"/>
    <property name="java.vm.version" value="17.0.15+6-Debian-1deb11u1"/>
    <property name="java.specification.maintenance.version" value="1"/>
    <property name="sun.io.unicode.encoding" value="UnicodeLittle"/>
    <property name="java.class.version" value="61.0"/>
  </properties>
  <testcase name="backend_day15_testControllerDirectoryExists" classname="com.examly.springapp.SpringappApplicationTests" time="0.237">
    <system-out><![CDATA[12:53:06.315 [main] DEBUG org.springframework.boot.test.context.SpringBootTestContextBootstrapper - Neither @ContextConfiguration nor @ContextHierarchy found for test class [SpringappApplicationTests]: using SpringBootContextLoader
12:53:06.318 [main] DEBUG org.springframework.test.context.support.AbstractContextLoader - Could not detect default resource locations for test class [com.examly.springapp.SpringappApplicationTests]: no resource found for suffixes {-context.xml, Context.groovy}.
12:53:06.318 [main] INFO org.springframework.test.context.support.AnnotationConfigContextLoaderUtils - Could not detect default configuration classes for test class [com.examly.springapp.SpringappApplicationTests]: SpringappApplicationTests does not declare any static, non-private, non-final, nested classes annotated with @Configuration.
12:53:06.355 [main] DEBUG org.springframework.boot.test.context.SpringBootTestContextBootstrapper - Using ContextCustomizers for test class [SpringappApplicationTests]: [ImportsContextCustomizer, ExcludeFilterContextCustomizer, DuplicateJsonObjectContextCustomizer, MockitoContextCustomizer, TestRestTemplateContextCustomizer, DisableObservabilityContextCustomizer, PropertyMappingContextCustomizer, Customizer]
12:53:06.418 [main] DEBUG org.springframework.context.annotation.ClassPathScanningCandidateComponentProvider - Identified candidate component class: file [/home/coder/project/workspace/springapp/target/classes/com/examly/springapp/SpringappApplication.class]
12:53:06.419 [main] INFO org.springframework.boot.test.context.SpringBootTestContextBootstrapper - Found @SpringBootConfiguration com.examly.springapp.SpringappApplication for test class com.examly.springapp.SpringappApplicationTests
12:53:06.497 [main] DEBUG org.springframework.boot.test.context.SpringBootTestContextBootstrapper - Using TestExecutionListeners for test class [SpringappApplicationTests]: [ServletTestExecutionListener, DirtiesContextBeforeModesTestExecutionListener, ApplicationEventsTestExecutionListener, MockitoTestExecutionListener, DependencyInjectionTestExecutionListener, DirtiesContextTestExecutionListener, TransactionalTestExecutionListener, SqlScriptsTestExecutionListener, EventPublishingTestExecutionListener, ResetMocksTestExecutionListener, RestDocsTestExecutionListener, MockRestServiceServerResetTestExecutionListener, MockMvcPrintOnlyOnFailureTestExecutionListener, WebDriverTestExecutionListener, MockWebServiceServerTestExecutionListener]
12:53:06.498 [main] DEBUG org.springframework.test.context.support.AbstractDirtiesContextTestExecutionListener - Before test class: class [SpringappApplicationTests], class annotated with @DirtiesContext [false] with mode [null]

  .   ____          _            __ _ _
 /\\ / ___'_ __ _ _(_)_ __  __ _ \ \ \ \
( ( )\___ | '_ | '_| | '_ \/ _` | \ \ \ \
 \\/  ___)| |_)| | | | | || (_| |  ) ) ) )
  '  |____| .__|_| |_|_| |_\__, | / / / /
 =========|_|==============|___/=/_/_/_/
 :: Spring Boot ::                (v3.0.1)

2025-07-20T12:53:06.760Z  INFO 6770 --- [           main] c.e.springapp.SpringappApplicationTests  : Starting SpringappApplicationTests using Java 17.0.15 with PID 6770 (started by coder in /home/coder/project/workspace/springapp)
2025-07-20T12:53:06.762Z  INFO 6770 --- [           main] c.e.springapp.SpringappApplicationTests  : No active profile set, falling back to 1 default profile: "default"
2025-07-20T12:53:07.417Z  INFO 6770 --- [           main] .s.d.r.c.RepositoryConfigurationDelegate : Bootstrapping Spring Data JPA repositories in DEFAULT mode.
2025-07-20T12:53:07.484Z  INFO 6770 --- [           main] .s.d.r.c.RepositoryConfigurationDelegate : Finished Spring Data repository scanning in 59 ms. Found 3 JPA repository interfaces.
2025-07-20T12:53:07.839Z  INFO 6770 --- [           main] trationDelegate$BeanPostProcessorChecker : Bean 'org.springframework.ws.config.annotation.DelegatingWsConfiguration' of type [org.springframework.ws.config.annotation.DelegatingWsConfiguration$$SpringCGLIB$$0] is not eligible for getting processed by all BeanPostProcessors (for example: not eligible for auto-proxying)
2025-07-20T12:53:07.876Z  INFO 6770 --- [           main] .w.s.a.s.AnnotationActionEndpointMapping : Supporting [WS-Addressing August 2004, WS-Addressing 1.0]
2025-07-20T12:53:08.084Z  INFO 6770 --- [           main] o.hibernate.jpa.internal.util.LogHelper  : HHH000204: Processing PersistenceUnitInfo [name: default]
2025-07-20T12:53:08.116Z  INFO 6770 --- [           main] org.hibernate.Version                    : HHH000412: Hibernate ORM core version 6.1.6.Final
2025-07-20T12:53:08.236Z  WARN 6770 --- [           main] org.hibernate.orm.deprecation            : HHH90000021: Encountered deprecated setting [javax.persistence.sharedCache.mode], use [jakarta.persistence.sharedCache.mode] instead
2025-07-20T12:53:08.321Z  INFO 6770 --- [           main] com.zaxxer.hikari.HikariDataSource       : HikariPool-1 - Starting...
2025-07-20T12:53:08.477Z  INFO 6770 --- [           main] com.zaxxer.hikari.pool.HikariPool        : HikariPool-1 - Added connection com.mysql.cj.jdbc.ConnectionImpl@c758a2d
2025-07-20T12:53:08.478Z  INFO 6770 --- [           main] com.zaxxer.hikari.HikariDataSource       : HikariPool-1 - Start completed.
2025-07-20T12:53:08.491Z  INFO 6770 --- [           main] SQL dialect                              : HHH000400: Using dialect: org.hibernate.dialect.MySQL8Dialect
2025-07-20T12:53:08.491Z  WARN 6770 --- [           main] org.hibernate.orm.deprecation            : HHH90000026: MySQL8Dialect has been deprecated; use org.hibernate.dialect.MySQLDialect instead
2025-07-20T12:53:09.204Z  INFO 6770 --- [           main] o.h.e.t.j.p.i.JtaPlatformInitiator       : HHH000490: Using JtaPlatform implementation: [org.hibernate.engine.transaction.jta.platform.internal.NoJtaPlatform]
2025-07-20T12:53:09.213Z  INFO 6770 --- [           main] j.LocalContainerEntityManagerFactoryBean : Initialized JPA EntityManagerFactory for persistence unit 'default'
2025-07-20T12:53:09.627Z  WARN 6770 --- [           main] JpaBaseConfiguration$JpaWebConfiguration : spring.jpa.open-in-view is enabled by default. Therefore, database queries may be performed during view rendering. Explicitly configure spring.jpa.open-in-view to disable this warning
2025-07-20T12:53:10.087Z  INFO 6770 --- [           main] o.s.s.web.DefaultSecurityFilterChain     : Will secure any request with [org.springframework.security.web.session.DisableEncodeUrlFilter@38a61c81, org.springframework.security.web.context.request.async.WebAsyncManagerIntegrationFilter@2f03fdc0, org.springframework.security.web.context.SecurityContextHolderFilter@15254569, org.springframework.security.web.header.HeaderWriterFilter@629fe84, org.springframework.web.filter.CorsFilter@1a06ec24, org.springframework.security.web.authentication.logout.LogoutFilter@58c80957, com.examly.springapp.config.JwtAuthenticationFilter@642d34f1, org.springframework.security.web.savedrequest.RequestCacheAwareFilter@3a5b1af7, org.springframework.security.web.servletapi.SecurityContextHolderAwareRequestFilter@4932d580, org.springframework.security.web.authentication.AnonymousAuthenticationFilter@1715193f, org.springframework.security.web.session.SessionManagementFilter@3e371088, org.springframework.security.web.access.ExceptionTranslationFilter@2ad80cf6, org.springframework.security.web.access.intercept.AuthorizationFilter@21d6dc81]
2025-07-20T12:53:10.342Z  INFO 6770 --- [           main] o.s.b.t.m.w.SpringBootMockServletContext : Initializing Spring TestDispatcherServlet ''
2025-07-20T12:53:10.342Z  INFO 6770 --- [           main] o.s.t.web.servlet.TestDispatcherServlet  : Initializing Servlet ''
2025-07-20T12:53:10.343Z  INFO 6770 --- [           main] o.s.t.web.servlet.TestDispatcherServlet  : Completed initialization in 1 ms
2025-07-20T12:53:10.366Z  INFO 6770 --- [           main] c.e.springapp.SpringappApplicationTests  : Started SpringappApplicationTests in 3.835 seconds (process running for 4.725)
]]></system-out>
  </testcase>
  <testcase name="backend_day15_testControllerFileExists" classname="com.examly.springapp.SpringappApplicationTests" time="0.003"/>
  <testcase name="backend_day15_testWelcomeApi" classname="com.examly.springapp.SpringappApplicationTests" time="0.056"/>
  <testcase name="backend_day16_testModelDirectoryExists" classname="com.examly.springapp.SpringappApplicationTests" time="0.003"/>
  <testcase name="backend_day16_testJobModelFileExists" classname="com.examly.springapp.SpringappApplicationTests" time="0.003"/>
  <testcase name="backend_day16_testGetAllJobList" classname="com.examly.springapp.SpringappApplicationTests" time="0.062"/>
  <testcase name="backend_day17_testJobControllerFileExists" classname="com.examly.springapp.SpringappApplicationTests" time="0.003"/>
  <testcase name="backend_day17_testJobServiceFileExists" classname="com.examly.springapp.SpringappApplicationTests" time="0.004"/>
  <testcase name="backend_day17_testAddJob" classname="com.examly.springapp.SpringappApplicationTests" time="0.102">
    <system-out><![CDATA[Hibernate: insert into job (company, description, location, title) values (?, ?, ?, ?)
]]></system-out>
  </testcase>
  <testcase name="backend_day18_testGetAllJobs" classname="com.examly.springapp.SpringappApplicationTests" time="0.195">
    <system-out><![CDATA[Hibernate: select j1_0.job_id,j1_0.company,j1_0.description,j1_0.location,j1_0.title from job j1_0
Hibernate: select a1_0.job_id,a1_0.application_id,a1_0.application_date,a1_0.location_preference,a1_0.skills,a1_0.status,u1_0.user_id,u1_0.password,u1_0.role,u1_0.username,a1_0.years_of_experience from application a1_0 left join user u1_0 on u1_0.user_id=a1_0.user_user_id where a1_0.job_id=?
Hibernate: select a1_0.job_id,a1_0.application_id,a1_0.application_date,a1_0.location_preference,a1_0.skills,a1_0.status,u1_0.user_id,u1_0.password,u1_0.role,u1_0.username,a1_0.years_of_experience from application a1_0 left join user u1_0 on u1_0.user_id=a1_0.user_user_id where a1_0.job_id=?
Hibernate: select a1_0.job_id,a1_0.application_id,a1_0.application_date,a1_0.location_preference,a1_0.skills,a1_0.status,u1_0.user_id,u1_0.password,u1_0.role,u1_0.username,a1_0.years_of_experience from application a1_0 left join user u1_0 on u1_0.user_id=a1_0.user_user_id where a1_0.job_id=?
Hibernate: select a1_0.job_id,a1_0.application_id,a1_0.application_date,a1_0.location_preference,a1_0.skills,a1_0.status,u1_0.user_id,u1_0.password,u1_0.role,u1_0.username,a1_0.years_of_experience from application a1_0 left join user u1_0 on u1_0.user_id=a1_0.user_user_id where a1_0.job_id=?
Hibernate: select a1_0.job_id,a1_0.application_id,a1_0.application_date,a1_0.location_preference,a1_0.skills,a1_0.status,u1_0.user_id,u1_0.password,u1_0.role,u1_0.username,a1_0.years_of_experience from application a1_0 left join user u1_0 on u1_0.user_id=a1_0.user_user_id where a1_0.job_id=?
Hibernate: select a1_0.job_id,a1_0.application_id,a1_0.application_date,a1_0.location_preference,a1_0.skills,a1_0.status,u1_0.user_id,u1_0.password,u1_0.role,u1_0.username,a1_0.years_of_experience from application a1_0 left join user u1_0 on u1_0.user_id=a1_0.user_user_id where a1_0.job_id=?
Hibernate: select a1_0.job_id,a1_0.application_id,a1_0.application_date,a1_0.location_preference,a1_0.skills,a1_0.status,u1_0.user_id,u1_0.password,u1_0.role,u1_0.username,a1_0.years_of_experience from application a1_0 left join user u1_0 on u1_0.user_id=a1_0.user_user_id where a1_0.job_id=?
Hibernate: select a1_0.job_id,a1_0.application_id,a1_0.application_date,a1_0.location_preference,a1_0.skills,a1_0.status,u1_0.user_id,u1_0.password,u1_0.role,u1_0.username,a1_0.years_of_experience from application a1_0 left join user u1_0 on u1_0.user_id=a1_0.user_user_id where a1_0.job_id=?
Hibernate: select a1_0.job_id,a1_0.application_id,a1_0.application_date,a1_0.location_preference,a1_0.skills,a1_0.status,u1_0.user_id,u1_0.password,u1_0.role,u1_0.username,a1_0.years_of_experience from application a1_0 left join user u1_0 on u1_0.user_id=a1_0.user_user_id where a1_0.job_id=?
Hibernate: select a1_0.job_id,a1_0.application_id,a1_0.application_date,a1_0.location_preference,a1_0.skills,a1_0.status,u1_0.user_id,u1_0.password,u1_0.role,u1_0.username,a1_0.years_of_experience from application a1_0 left join user u1_0 on u1_0.user_id=a1_0.user_user_id where a1_0.job_id=?
Hibernate: select a1_0.job_id,a1_0.application_id,a1_0.application_date,a1_0.location_preference,a1_0.skills,a1_0.status,u1_0.user_id,u1_0.password,u1_0.role,u1_0.username,a1_0.years_of_experience from application a1_0 left join user u1_0 on u1_0.user_id=a1_0.user_user_id where a1_0.job_id=?
Hibernate: select a1_0.job_id,a1_0.application_id,a1_0.application_date,a1_0.location_preference,a1_0.skills,a1_0.status,u1_0.user_id,u1_0.password,u1_0.role,u1_0.username,a1_0.years_of_experience from application a1_0 left join user u1_0 on u1_0.user_id=a1_0.user_user_id where a1_0.job_id=?
Hibernate: select a1_0.job_id,a1_0.application_id,a1_0.application_date,a1_0.location_preference,a1_0.skills,a1_0.status,u1_0.user_id,u1_0.password,u1_0.role,u1_0.username,a1_0.years_of_experience from application a1_0 left join user u1_0 on u1_0.user_id=a1_0.user_user_id where a1_0.job_id=?
Hibernate: select a1_0.job_id,a1_0.application_id,a1_0.application_date,a1_0.location_preference,a1_0.skills,a1_0.status,u1_0.user_id,u1_0.password,u1_0.role,u1_0.username,a1_0.years_of_experience from application a1_0 left join user u1_0 on u1_0.user_id=a1_0.user_user_id where a1_0.job_id=?
Hibernate: select a1_0.job_id,a1_0.application_id,a1_0.application_date,a1_0.location_preference,a1_0.skills,a1_0.status,u1_0.user_id,u1_0.password,u1_0.role,u1_0.username,a1_0.years_of_experience from application a1_0 left join user u1_0 on u1_0.user_id=a1_0.user_user_id where a1_0.job_id=?
Hibernate: select a1_0.job_id,a1_0.application_id,a1_0.application_date,a1_0.location_preference,a1_0.skills,a1_0.status,u1_0.user_id,u1_0.password,u1_0.role,u1_0.username,a1_0.years_of_experience from application a1_0 left join user u1_0 on u1_0.user_id=a1_0.user_user_id where a1_0.job_id=?
Hibernate: select a1_0.job_id,a1_0.application_id,a1_0.application_date,a1_0.location_preference,a1_0.skills,a1_0.status,u1_0.user_id,u1_0.password,u1_0.role,u1_0.username,a1_0.years_of_experience from application a1_0 left join user u1_0 on u1_0.user_id=a1_0.user_user_id where a1_0.job_id=?
Hibernate: select a1_0.job_id,a1_0.application_id,a1_0.application_date,a1_0.location_preference,a1_0.skills,a1_0.status,u1_0.user_id,u1_0.password,u1_0.role,u1_0.username,a1_0.years_of_experience from application a1_0 left join user u1_0 on u1_0.user_id=a1_0.user_user_id where a1_0.job_id=?
Hibernate: select a1_0.job_id,a1_0.application_id,a1_0.application_date,a1_0.location_preference,a1_0.skills,a1_0.status,u1_0.user_id,u1_0.password,u1_0.role,u1_0.username,a1_0.years_of_experience from application a1_0 left join user u1_0 on u1_0.user_id=a1_0.user_user_id where a1_0.job_id=?
Hibernate: select a1_0.job_id,a1_0.application_id,a1_0.application_date,a1_0.location_preference,a1_0.skills,a1_0.status,u1_0.user_id,u1_0.password,u1_0.role,u1_0.username,a1_0.years_of_experience from application a1_0 left join user u1_0 on u1_0.user_id=a1_0.user_user_id where a1_0.job_id=?
Hibernate: select a1_0.job_id,a1_0.application_id,a1_0.application_date,a1_0.location_preference,a1_0.skills,a1_0.status,u1_0.user_id,u1_0.password,u1_0.role,u1_0.username,a1_0.years_of_experience from application a1_0 left join user u1_0 on u1_0.user_id=a1_0.user_user_id where a1_0.job_id=?
Hibernate: select a1_0.job_id,a1_0.application_id,a1_0.application_date,a1_0.location_preference,a1_0.skills,a1_0.status,u1_0.user_id,u1_0.password,u1_0.role,u1_0.username,a1_0.years_of_experience from application a1_0 left join user u1_0 on u1_0.user_id=a1_0.user_user_id where a1_0.job_id=?
Hibernate: select a1_0.job_id,a1_0.application_id,a1_0.application_date,a1_0.location_preference,a1_0.skills,a1_0.status,u1_0.user_id,u1_0.password,u1_0.role,u1_0.username,a1_0.years_of_experience from application a1_0 left join user u1_0 on u1_0.user_id=a1_0.user_user_id where a1_0.job_id=?
Hibernate: select a1_0.job_id,a1_0.application_id,a1_0.application_date,a1_0.location_preference,a1_0.skills,a1_0.status,u1_0.user_id,u1_0.password,u1_0.role,u1_0.username,a1_0.years_of_experience from application a1_0 left join user u1_0 on u1_0.user_id=a1_0.user_user_id where a1_0.job_id=?
Hibernate: select a1_0.job_id,a1_0.application_id,a1_0.application_date,a1_0.location_preference,a1_0.skills,a1_0.status,u1_0.user_id,u1_0.password,u1_0.role,u1_0.username,a1_0.years_of_experience from application a1_0 left join user u1_0 on u1_0.user_id=a1_0.user_user_id where a1_0.job_id=?
Hibernate: select a1_0.job_id,a1_0.application_id,a1_0.application_date,a1_0.location_preference,a1_0.skills,a1_0.status,u1_0.user_id,u1_0.password,u1_0.role,u1_0.username,a1_0.years_of_experience from application a1_0 left join user u1_0 on u1_0.user_id=a1_0.user_user_id where a1_0.job_id=?
Hibernate: select a1_0.job_id,a1_0.application_id,a1_0.application_date,a1_0.location_preference,a1_0.skills,a1_0.status,u1_0.user_id,u1_0.password,u1_0.role,u1_0.username,a1_0.years_of_experience from application a1_0 left join user u1_0 on u1_0.user_id=a1_0.user_user_id where a1_0.job_id=?
Hibernate: select a1_0.job_id,a1_0.application_id,a1_0.application_date,a1_0.location_preference,a1_0.skills,a1_0.status,u1_0.user_id,u1_0.password,u1_0.role,u1_0.username,a1_0.years_of_experience from application a1_0 left join user u1_0 on u1_0.user_id=a1_0.user_user_id where a1_0.job_id=?
Hibernate: select a1_0.job_id,a1_0.application_id,a1_0.application_date,a1_0.location_preference,a1_0.skills,a1_0.status,u1_0.user_id,u1_0.password,u1_0.role,u1_0.username,a1_0.years_of_experience from application a1_0 left join user u1_0 on u1_0.user_id=a1_0.user_user_id where a1_0.job_id=?
Hibernate: select a1_0.job_id,a1_0.application_id,a1_0.application_date,a1_0.location_preference,a1_0.skills,a1_0.status,u1_0.user_id,u1_0.password,u1_0.role,u1_0.username,a1_0.years_of_experience from application a1_0 left join user u1_0 on u1_0.user_id=a1_0.user_user_id where a1_0.job_id=?
Hibernate: select a1_0.job_id,a1_0.application_id,a1_0.application_date,a1_0.location_preference,a1_0.skills,a1_0.status,u1_0.user_id,u1_0.password,u1_0.role,u1_0.username,a1_0.years_of_experience from application a1_0 left join user u1_0 on u1_0.user_id=a1_0.user_user_id where a1_0.job_id=?
Hibernate: select a1_0.job_id,a1_0.application_id,a1_0.application_date,a1_0.location_preference,a1_0.skills,a1_0.status,u1_0.user_id,u1_0.password,u1_0.role,u1_0.username,a1_0.years_of_experience from application a1_0 left join user u1_0 on u1_0.user_id=a1_0.user_user_id where a1_0.job_id=?
Hibernate: select a1_0.job_id,a1_0.application_id,a1_0.application_date,a1_0.location_preference,a1_0.skills,a1_0.status,u1_0.user_id,u1_0.password,u1_0.role,u1_0.username,a1_0.years_of_experience from application a1_0 left join user u1_0 on u1_0.user_id=a1_0.user_user_id where a1_0.job_id=?
Hibernate: select a1_0.job_id,a1_0.application_id,a1_0.application_date,a1_0.location_preference,a1_0.skills,a1_0.status,u1_0.user_id,u1_0.password,u1_0.role,u1_0.username,a1_0.years_of_experience from application a1_0 left join user u1_0 on u1_0.user_id=a1_0.user_user_id where a1_0.job_id=?
Hibernate: select a1_0.job_id,a1_0.application_id,a1_0.application_date,a1_0.location_preference,a1_0.skills,a1_0.status,u1_0.user_id,u1_0.password,u1_0.role,u1_0.username,a1_0.years_of_experience from application a1_0 left join user u1_0 on u1_0.user_id=a1_0.user_user_id where a1_0.job_id=?
Hibernate: select a1_0.job_id,a1_0.application_id,a1_0.application_date,a1_0.location_preference,a1_0.skills,a1_0.status,u1_0.user_id,u1_0.password,u1_0.role,u1_0.username,a1_0.years_of_experience from application a1_0 left join user u1_0 on u1_0.user_id=a1_0.user_user_id where a1_0.job_id=?
Hibernate: select a1_0.job_id,a1_0.application_id,a1_0.application_date,a1_0.location_preference,a1_0.skills,a1_0.status,u1_0.user_id,u1_0.password,u1_0.role,u1_0.username,a1_0.years_of_experience from application a1_0 left join user u1_0 on u1_0.user_id=a1_0.user_user_id where a1_0.job_id=?
Hibernate: select a1_0.job_id,a1_0.application_id,a1_0.application_date,a1_0.location_preference,a1_0.skills,a1_0.status,u1_0.user_id,u1_0.password,u1_0.role,u1_0.username,a1_0.years_of_experience from application a1_0 left join user u1_0 on u1_0.user_id=a1_0.user_user_id where a1_0.job_id=?
Hibernate: select a1_0.job_id,a1_0.application_id,a1_0.application_date,a1_0.location_preference,a1_0.skills,a1_0.status,u1_0.user_id,u1_0.password,u1_0.role,u1_0.username,a1_0.years_of_experience from application a1_0 left join user u1_0 on u1_0.user_id=a1_0.user_user_id where a1_0.job_id=?
Hibernate: select a1_0.job_id,a1_0.application_id,a1_0.application_date,a1_0.location_preference,a1_0.skills,a1_0.status,u1_0.user_id,u1_0.password,u1_0.role,u1_0.username,a1_0.years_of_experience from application a1_0 left join user u1_0 on u1_0.user_id=a1_0.user_user_id where a1_0.job_id=?
Hibernate: select a1_0.job_id,a1_0.application_id,a1_0.application_date,a1_0.location_preference,a1_0.skills,a1_0.status,u1_0.user_id,u1_0.password,u1_0.role,u1_0.username,a1_0.years_of_experience from application a1_0 left join user u1_0 on u1_0.user_id=a1_0.user_user_id where a1_0.job_id=?
Hibernate: select a1_0.job_id,a1_0.application_id,a1_0.application_date,a1_0.location_preference,a1_0.skills,a1_0.status,u1_0.user_id,u1_0.password,u1_0.role,u1_0.username,a1_0.years_of_experience from application a1_0 left join user u1_0 on u1_0.user_id=a1_0.user_user_id where a1_0.job_id=?
Hibernate: select a1_0.job_id,a1_0.application_id,a1_0.application_date,a1_0.location_preference,a1_0.skills,a1_0.status,u1_0.user_id,u1_0.password,u1_0.role,u1_0.username,a1_0.years_of_experience from application a1_0 left join user u1_0 on u1_0.user_id=a1_0.user_user_id where a1_0.job_id=?
Hibernate: select a1_0.job_id,a1_0.application_id,a1_0.application_date,a1_0.location_preference,a1_0.skills,a1_0.status,u1_0.user_id,u1_0.password,u1_0.role,u1_0.username,a1_0.years_of_experience from application a1_0 left join user u1_0 on u1_0.user_id=a1_0.user_user_id where a1_0.job_id=?
Hibernate: select a1_0.job_id,a1_0.application_id,a1_0.application_date,a1_0.location_preference,a1_0.skills,a1_0.status,u1_0.user_id,u1_0.password,u1_0.role,u1_0.username,a1_0.years_of_experience from application a1_0 left join user u1_0 on u1_0.user_id=a1_0.user_user_id where a1_0.job_id=?
Hibernate: select a1_0.job_id,a1_0.application_id,a1_0.application_date,a1_0.location_preference,a1_0.skills,a1_0.status,u1_0.user_id,u1_0.password,u1_0.role,u1_0.username,a1_0.years_of_experience from application a1_0 left join user u1_0 on u1_0.user_id=a1_0.user_user_id where a1_0.job_id=?
Hibernate: select a1_0.job_id,a1_0.application_id,a1_0.application_date,a1_0.location_preference,a1_0.skills,a1_0.status,u1_0.user_id,u1_0.password,u1_0.role,u1_0.username,a1_0.years_of_experience from application a1_0 left join user u1_0 on u1_0.user_id=a1_0.user_user_id where a1_0.job_id=?
Hibernate: select a1_0.job_id,a1_0.application_id,a1_0.application_date,a1_0.location_preference,a1_0.skills,a1_0.status,u1_0.user_id,u1_0.password,u1_0.role,u1_0.username,a1_0.years_of_experience from application a1_0 left join user u1_0 on u1_0.user_id=a1_0.user_user_id where a1_0.job_id=?
Hibernate: select a1_0.job_id,a1_0.application_id,a1_0.application_date,a1_0.location_preference,a1_0.skills,a1_0.status,u1_0.user_id,u1_0.password,u1_0.role,u1_0.username,a1_0.years_of_experience from application a1_0 left join user u1_0 on u1_0.user_id=a1_0.user_user_id where a1_0.job_id=?
Hibernate: select a1_0.job_id,a1_0.application_id,a1_0.application_date,a1_0.location_preference,a1_0.skills,a1_0.status,u1_0.user_id,u1_0.password,u1_0.role,u1_0.username,a1_0.years_of_experience from application a1_0 left join user u1_0 on u1_0.user_id=a1_0.user_user_id where a1_0.job_id=?
Hibernate: select a1_0.job_id,a1_0.application_id,a1_0.application_date,a1_0.location_preference,a1_0.skills,a1_0.status,u1_0.user_id,u1_0.password,u1_0.role,u1_0.username,a1_0.years_of_experience from application a1_0 left join user u1_0 on u1_0.user_id=a1_0.user_user_id where a1_0.job_id=?
Hibernate: select a1_0.job_id,a1_0.application_id,a1_0.application_date,a1_0.location_preference,a1_0.skills,a1_0.status,u1_0.user_id,u1_0.password,u1_0.role,u1_0.username,a1_0.years_of_experience from application a1_0 left join user u1_0 on u1_0.user_id=a1_0.user_user_id where a1_0.job_id=?
Hibernate: select a1_0.job_id,a1_0.application_id,a1_0.application_date,a1_0.location_preference,a1_0.skills,a1_0.status,u1_0.user_id,u1_0.password,u1_0.role,u1_0.username,a1_0.years_of_experience from application a1_0 left join user u1_0 on u1_0.user_id=a1_0.user_user_id where a1_0.job_id=?
Hibernate: select a1_0.job_id,a1_0.application_id,a1_0.application_date,a1_0.location_preference,a1_0.skills,a1_0.status,u1_0.user_id,u1_0.password,u1_0.role,u1_0.username,a1_0.years_of_experience from application a1_0 left join user u1_0 on u1_0.user_id=a1_0.user_user_id where a1_0.job_id=?
Hibernate: select a1_0.job_id,a1_0.application_id,a1_0.application_date,a1_0.location_preference,a1_0.skills,a1_0.status,u1_0.user_id,u1_0.password,u1_0.role,u1_0.username,a1_0.years_of_experience from application a1_0 left join user u1_0 on u1_0.user_id=a1_0.user_user_id where a1_0.job_id=?
Hibernate: select a1_0.job_id,a1_0.application_id,a1_0.application_date,a1_0.location_preference,a1_0.skills,a1_0.status,u1_0.user_id,u1_0.password,u1_0.role,u1_0.username,a1_0.years_of_experience from application a1_0 left join user u1_0 on u1_0.user_id=a1_0.user_user_id where a1_0.job_id=?
Hibernate: select a1_0.job_id,a1_0.application_id,a1_0.application_date,a1_0.location_preference,a1_0.skills,a1_0.status,u1_0.user_id,u1_0.password,u1_0.role,u1_0.username,a1_0.years_of_experience from application a1_0 left join user u1_0 on u1_0.user_id=a1_0.user_user_id where a1_0.job_id=?
Hibernate: select a1_0.job_id,a1_0.application_id,a1_0.application_date,a1_0.location_preference,a1_0.skills,a1_0.status,u1_0.user_id,u1_0.password,u1_0.role,u1_0.username,a1_0.years_of_experience from application a1_0 left join user u1_0 on u1_0.user_id=a1_0.user_user_id where a1_0.job_id=?
Hibernate: select a1_0.job_id,a1_0.application_id,a1_0.application_date,a1_0.location_preference,a1_0.skills,a1_0.status,u1_0.user_id,u1_0.password,u1_0.role,u1_0.username,a1_0.years_of_experience from application a1_0 left join user u1_0 on u1_0.user_id=a1_0.user_user_id where a1_0.job_id=?
Hibernate: select a1_0.job_id,a1_0.application_id,a1_0.application_date,a1_0.location_preference,a1_0.skills,a1_0.status,u1_0.user_id,u1_0.password,u1_0.role,u1_0.username,a1_0.years_of_experience from application a1_0 left join user u1_0 on u1_0.user_id=a1_0.user_user_id where a1_0.job_id=?
Hibernate: select a1_0.job_id,a1_0.application_id,a1_0.application_date,a1_0.location_preference,a1_0.skills,a1_0.status,u1_0.user_id,u1_0.password,u1_0.role,u1_0.username,a1_0.years_of_experience from application a1_0 left join user u1_0 on u1_0.user_id=a1_0.user_user_id where a1_0.job_id=?
Hibernate: select a1_0.job_id,a1_0.application_id,a1_0.application_date,a1_0.location_preference,a1_0.skills,a1_0.status,u1_0.user_id,u1_0.password,u1_0.role,u1_0.username,a1_0.years_of_experience from application a1_0 left join user u1_0 on u1_0.user_id=a1_0.user_user_id where a1_0.job_id=?
Hibernate: select a1_0.job_id,a1_0.application_id,a1_0.application_date,a1_0.location_preference,a1_0.skills,a1_0.status,u1_0.user_id,u1_0.password,u1_0.role,u1_0.username,a1_0.years_of_experience from application a1_0 left join user u1_0 on u1_0.user_id=a1_0.user_user_id where a1_0.job_id=?
Hibernate: select a1_0.job_id,a1_0.application_id,a1_0.application_date,a1_0.location_preference,a1_0.skills,a1_0.status,u1_0.user_id,u1_0.password,u1_0.role,u1_0.username,a1_0.years_of_experience from application a1_0 left join user u1_0 on u1_0.user_id=a1_0.user_user_id where a1_0.job_id=?
Hibernate: select a1_0.job_id,a1_0.application_id,a1_0.application_date,a1_0.location_preference,a1_0.skills,a1_0.status,u1_0.user_id,u1_0.password,u1_0.role,u1_0.username,a1_0.years_of_experience from application a1_0 left join user u1_0 on u1_0.user_id=a1_0.user_user_id where a1_0.job_id=?
Hibernate: select a1_0.job_id,a1_0.application_id,a1_0.application_date,a1_0.location_preference,a1_0.skills,a1_0.status,u1_0.user_id,u1_0.password,u1_0.role,u1_0.username,a1_0.years_of_experience from application a1_0 left join user u1_0 on u1_0.user_id=a1_0.user_user_id where a1_0.job_id=?
Hibernate: select a1_0.job_id,a1_0.application_id,a1_0.application_date,a1_0.location_preference,a1_0.skills,a1_0.status,u1_0.user_id,u1_0.password,u1_0.role,u1_0.username,a1_0.years_of_experience from application a1_0 left join user u1_0 on u1_0.user_id=a1_0.user_user_id where a1_0.job_id=?
Hibernate: select a1_0.job_id,a1_0.application_id,a1_0.application_date,a1_0.location_preference,a1_0.skills,a1_0.status,u1_0.user_id,u1_0.password,u1_0.role,u1_0.username,a1_0.years_of_experience from application a1_0 left join user u1_0 on u1_0.user_id=a1_0.user_user_id where a1_0.job_id=?
Hibernate: select a1_0.job_id,a1_0.application_id,a1_0.application_date,a1_0.location_preference,a1_0.skills,a1_0.status,u1_0.user_id,u1_0.password,u1_0.role,u1_0.username,a1_0.years_of_experience from application a1_0 left join user u1_0 on u1_0.user_id=a1_0.user_user_id where a1_0.job_id=?
Hibernate: select a1_0.job_id,a1_0.application_id,a1_0.application_date,a1_0.location_preference,a1_0.skills,a1_0.status,u1_0.user_id,u1_0.password,u1_0.role,u1_0.username,a1_0.years_of_experience from application a1_0 left join user u1_0 on u1_0.user_id=a1_0.user_user_id where a1_0.job_id=?
Hibernate: select a1_0.job_id,a1_0.application_id,a1_0.application_date,a1_0.location_preference,a1_0.skills,a1_0.status,u1_0.user_id,u1_0.password,u1_0.role,u1_0.username,a1_0.years_of_experience from application a1_0 left join user u1_0 on u1_0.user_id=a1_0.user_user_id where a1_0.job_id=?
Hibernate: select a1_0.job_id,a1_0.application_id,a1_0.application_date,a1_0.location_preference,a1_0.skills,a1_0.status,u1_0.user_id,u1_0.password,u1_0.role,u1_0.username,a1_0.years_of_experience from application a1_0 left join user u1_0 on u1_0.user_id=a1_0.user_user_id where a1_0.job_id=?
Hibernate: select a1_0.job_id,a1_0.application_id,a1_0.application_date,a1_0.location_preference,a1_0.skills,a1_0.status,u1_0.user_id,u1_0.password,u1_0.role,u1_0.username,a1_0.years_of_experience from application a1_0 left join user u1_0 on u1_0.user_id=a1_0.user_user_id where a1_0.job_id=?
Hibernate: select a1_0.job_id,a1_0.application_id,a1_0.application_date,a1_0.location_preference,a1_0.skills,a1_0.status,u1_0.user_id,u1_0.password,u1_0.role,u1_0.username,a1_0.years_of_experience from application a1_0 left join user u1_0 on u1_0.user_id=a1_0.user_user_id where a1_0.job_id=?
Hibernate: select a1_0.job_id,a1_0.application_id,a1_0.application_date,a1_0.location_preference,a1_0.skills,a1_0.status,u1_0.user_id,u1_0.password,u1_0.role,u1_0.username,a1_0.years_of_experience from application a1_0 left join user u1_0 on u1_0.user_id=a1_0.user_user_id where a1_0.job_id=?
Hibernate: select a1_0.job_id,a1_0.application_id,a1_0.application_date,a1_0.location_preference,a1_0.skills,a1_0.status,u1_0.user_id,u1_0.password,u1_0.role,u1_0.username,a1_0.years_of_experience from application a1_0 left join user u1_0 on u1_0.user_id=a1_0.user_user_id where a1_0.job_id=?
]]></system-out>
  </testcase>
  <testcase name="backend_day19_testApplicationModelFileExists" classname="com.examly.springapp.SpringappApplicationTests" time="0.004"/>
  <testcase name="backend_day19_testApplicationRepoFileExists" classname="com.examly.springapp.SpringappApplicationTests" time="0.004"/>
  <testcase name="backend_day20_testApplicationHasManyToOneAnnotations" classname="com.examly.springapp.SpringappApplicationTests" time="0.004"/>
  <testcase name="backend_day21_testApplicationServiceInterfaceAndImplementation" classname="com.examly.springapp.SpringappApplicationTests" time="0.003"/>
  <testcase name="backend_day22_testExceptionFile" classname="com.examly.springapp.SpringappApplicationTests" time="0.003"/>
  <testcase name="backend_day23_testApplicationControllerFileExists" classname="com.examly.springapp.SpringappApplicationTests" time="0.002"/>
  <testcase name="backend_day23_testGetAllApplication" classname="com.examly.springapp.SpringappApplicationTests" time="0.062">
    <system-out><![CDATA[Hibernate: select a1_0.application_id,a1_0.application_date,a1_0.job_id,a1_0.location_preference,a1_0.skills,a1_0.status,a1_0.user_user_id,a1_0.years_of_experience from application a1_0

MockHttpServletRequest:
      HTTP Method = GET
      Request URI = /api/applications
       Parameters = {}
          Headers = [Accept:"application/json"]
             Body = null
    Session Attrs = {}

Handler:
             Type = com.examly.springapp.controller.ApplicationController
           Method = com.examly.springapp.controller.ApplicationController#getAllAppList()

Async:
    Async started = false
     Async result = null

Resolved Exception:
             Type = null

ModelAndView:
        View name = null
             View = null
            Model = null

FlashMap:
       Attributes = null

MockHttpServletResponse:
           Status = 200
    Error message = null
          Headers = [Vary:"Origin", "Access-Control-Request-Method", "Access-Control-Request-Headers", Content-Type:"application/json", X-Content-Type-Options:"nosniff", X-XSS-Protection:"0", Cache-Control:"no-cache, no-store, max-age=0, must-revalidate", Pragma:"no-cache", Expires:"0", X-Frame-Options:"DENY"]
     Content type = application/json
             Body = []
    Forwarded URL = null
   Redirected URL = null
          Cookies = []
]]></system-out>
  </testcase>
  <testcase name="backend_day24_testEntityUserFileExists" classname="com.examly.springapp.SpringappApplicationTests" time="0.003"/>
  <testcase name="backend_day25_testCorsConfigFileExists" classname="com.examly.springapp.SpringappApplicationTests" time="0.007"/>
</testsuite>